[2025/07/22 19:49:11]: §9          __             _       
[2025/07/22 19:49:11]: §9  _ __   / /  ___   __ _(_)_ __  
[2025/07/22 19:49:11]: §9 | '_ \ / /  / _ \ / _` | | '_ \ 
[2025/07/22 19:49:11]: §9 | | | / /__| (_) | (_| | | | | |
[2025/07/22 19:49:11]: §9 |_| |_\____/\___/ \__, |_|_| |_|
[2025/07/22 19:49:11]: §9                  |___/            
[2025/07/22 19:49:11]: §9 By: www.nickuc.com - V 10.4.23 DEVELOPMENT
[2025/07/22 19:49:11]: §9 
[2025/07/22 19:49:11]: §3[nLogin] [DEBUG] All settings were loaded in 112 ms.
[2025/07/22 19:49:11]: §3[nLogin] [DEBUG] Loading the messages_es.yml message file...
[2025/07/22 19:49:11]: §3[nLogin] [DEBUG] All plugin messages were loaded in 65 ms (languageByClient=false).
[2025/07/22 19:49:11]: §3[nLogin] [DEBUG] All proxy settings were loaded in 2 ms.
[2025/07/22 19:49:11]: §3[nLogin] [DEBUG] Loading database...
[2025/07/22 19:49:11]: §3[nLogin] [DEBUG] Starting logger filter...
[2025/07/22 19:49:57]: §3[nLogin] [DEBUG] [SQLite] [UPDATE]: "UPDATE `nlogin` SET `last_name` = '_ItsSam', `unique_id` = e085de08dde4371b8b539e3baa457839,  `mojang_id` = null,  `bedrock_id` = null,  `password` = '$2a$10$ee4.LrITGVyWOJ3WmCFaL.E.ssEqYiSxAEwpoi2VgopL5FVjuu8.W', `last_ip` = '127.12.157.114', `creation_date` = 2025-07-21 19:38:33.722, `last_seen` = 2025-07-22 19:49:57.564, `email` = null, `discord` = null, `settings` = '{"settings":[{"value":"es","key":"language"}],"version":0}' WHERE `ai` = 1" (applied to [last_ip, last_seen, settings] columns)
[2025/07/22 19:49:57]: [nLogin] The user _ItsSam has successfully logged in.
[2025/07/22 20:11:32]: §3[nLogin] [DEBUG] [SQLite] [UPDATE]: "UPDATE `nlogin` SET `last_name` = '_ItsSam', `unique_id` = e085de08dde4371b8b539e3baa457839,  `mojang_id` = null,  `bedrock_id` = null,  `password` = '$2a$10$ee4.LrITGVyWOJ3WmCFaL.E.ssEqYiSxAEwpoi2VgopL5FVjuu8.W', `last_ip` = '127.12.157.114', `creation_date` = 2025-07-21 19:38:33.722, `last_seen` = 2025-07-22 20:11:32.909, `email` = null, `discord` = null, `settings` = '{"settings":[{"value":"es","key":"language"}],"version":0}' WHERE `ai` = 1" (applied to [last_seen, settings] columns)
[2025/07/22 20:32:12]: §3[nLogin] [DEBUG] [SQLite] [UPDATE]: "UPDATE `nlogin` SET `last_name` = '_ItsSam', `unique_id` = e085de08dde4371b8b539e3baa457839,  `mojang_id` = null,  `bedrock_id` = null,  `password` = '$2a$10$ee4.LrITGVyWOJ3WmCFaL.E.ssEqYiSxAEwpoi2VgopL5FVjuu8.W', `last_ip` = '127.12.157.114', `creation_date` = 2025-07-21 19:38:33.722, `last_seen` = 2025-07-22 20:32:12.765, `email` = null, `discord` = null, `settings` = '{"settings":[{"value":"es","key":"language"}],"version":0}' WHERE `ai` = 1" (applied to [last_ip, last_seen, settings] columns)
[2025/07/22 20:32:12]: [nLogin] The user _ItsSam has successfully logged in.
[2025/07/22 20:42:42]: §3[nLogin] [DEBUG] [SQLite] [UPDATE]: "UPDATE `nlogin` SET `last_name` = '_ItsSam', `unique_id` = e085de08dde4371b8b539e3baa457839,  `mojang_id` = null,  `bedrock_id` = null,  `password` = '$2a$10$ee4.LrITGVyWOJ3WmCFaL.E.ssEqYiSxAEwpoi2VgopL5FVjuu8.W', `last_ip` = '127.12.157.114', `creation_date` = 2025-07-21 19:38:33.722, `last_seen` = 2025-07-22 20:42:42.002, `email` = null, `discord` = null, `settings` = '{"settings":[{"value":"es","key":"language"}],"version":0}' WHERE `ai` = 1" (applied to [last_seen, settings] columns)
[2025/07/22 20:47:58]: [nLogin] Successful plugin core shutdown (took 0.00s)
