[2025/07/22 22:05:11]: §9          __             _       
[2025/07/22 22:05:11]: §9  _ __   / /  ___   __ _(_)_ __  
[2025/07/22 22:05:11]: §9 | '_ \ / /  / _ \ / _` | | '_ \ 
[2025/07/22 22:05:11]: §9 | | | / /__| (_) | (_| | | | | |
[2025/07/22 22:05:11]: §9 |_| |_\____/\___/ \__, |_|_| |_|
[2025/07/22 22:05:11]: §9                  |___/            
[2025/07/22 22:05:11]: §9 By: www.nickuc.com - V 10.4.23 DEVELOPMENT
[2025/07/22 22:05:11]: §9 
[2025/07/22 22:05:11]: §3[nLogin] [DEBUG] All settings were loaded in 104 ms.
[2025/07/22 22:05:11]: §3[nLogin] [DEBUG] Loading the messages_es.yml message file...
[2025/07/22 22:05:11]: §3[nLogin] [DEBUG] All plugin messages were loaded in 60 ms (languageByClient=false).
[2025/07/22 22:05:11]: §3[nLogin] [DEBUG] All proxy settings were loaded in 1 ms.
[2025/07/22 22:05:11]: §3[nLogin] [DEBUG] Loading database...
[2025/07/22 22:05:11]: §3[nLogin] [DEBUG] Starting logger filter...
[2025/07/22 22:05:57]: §3[nLogin] [DEBUG] [SQLite] [UPDATE]: "UPDATE `nlogin` SET `last_name` = '_ItsSam', `unique_id` = e085de08dde4371b8b539e3baa457839,  `mojang_id` = null,  `bedrock_id` = null,  `password` = '$2a$10$ee4.LrITGVyWOJ3WmCFaL.E.ssEqYiSxAEwpoi2VgopL5FVjuu8.W', `last_ip` = '127.12.157.114', `creation_date` = 2025-07-21 19:38:33.722, `last_seen` = 2025-07-22 22:05:57.708, `email` = null, `discord` = null, `settings` = '{"settings":[{"value":"es","key":"language"}],"version":0}' WHERE `ai` = 1" (applied to [last_ip, last_seen, settings] columns)
[2025/07/22 22:05:57]: [nLogin] The user _ItsSam has successfully logged in.
[2025/07/22 22:07:06]: §3[nLogin] [DEBUG] [SQLite] [UPDATE]: "UPDATE `nlogin` SET `last_name` = '_ItsSam', `unique_id` = e085de08dde4371b8b539e3baa457839,  `mojang_id` = null,  `bedrock_id` = null,  `password` = '$2a$10$ee4.LrITGVyWOJ3WmCFaL.E.ssEqYiSxAEwpoi2VgopL5FVjuu8.W', `last_ip` = '127.12.157.114', `creation_date` = 2025-07-21 19:38:33.722, `last_seen` = 2025-07-22 22:07:06.515, `email` = null, `discord` = null, `settings` = '{"settings":[{"value":"es","key":"language"}],"version":0}' WHERE `ai` = 1" (applied to [last_seen, settings] columns)
[2025/07/22 22:07:21]: §3[nLogin] [DEBUG] [SQLite] [UPDATE]: "UPDATE `nlogin` SET `last_name` = '_ItsSam', `unique_id` = e085de08dde4371b8b539e3baa457839,  `mojang_id` = null,  `bedrock_id` = null,  `password` = '$2a$10$ee4.LrITGVyWOJ3WmCFaL.E.ssEqYiSxAEwpoi2VgopL5FVjuu8.W', `last_ip` = '127.12.157.114', `creation_date` = 2025-07-21 19:38:33.722, `last_seen` = 2025-07-22 22:07:21.407, `email` = null, `discord` = null, `settings` = '{"settings":[{"value":"es","key":"language"}],"version":0}' WHERE `ai` = 1" (applied to [last_ip, last_seen, settings] columns)
[2025/07/22 22:07:21]: [nLogin] The user _ItsSam has successfully logged in.
[2025/07/22 22:10:04]: §3[nLogin] [DEBUG] [SQLite] [UPDATE]: "UPDATE `nlogin` SET `last_name` = 'Santohh', `unique_id` = d88fdf4c10693e17baeaa10e10d32b78,  `mojang_id` = null,  `bedrock_id` = null,  `password` = '$2a$10$kmq2hbTW0.9J6WJUl0GsjeZlgbOQgaIZoEQiBpzRgD3yrAz/bNZKq', `last_ip` = '127.12.157.114', `creation_date` = 2025-07-21 23:28:01.27, `last_seen` = 2025-07-22 22:10:04.761, `email` = null, `discord` = null, `settings` = '{"settings":[{"value":"es","key":"language"}],"version":0}' WHERE `ai` = 2" (applied to [last_ip, last_seen, settings] columns)
[2025/07/22 22:10:04]: [nLogin] The user Santohh has successfully logged in.
[2025/07/22 22:14:13]: §3[nLogin] [DEBUG] All settings were loaded in 4 ms.
[2025/07/22 22:14:13]: §3[nLogin] [DEBUG] Loading the messages_es.yml message file...
[2025/07/22 22:14:13]: §3[nLogin] [DEBUG] All plugin messages were loaded in 3 ms (languageByClient=false).
[2025/07/22 22:14:13]: §3[nLogin] [DEBUG] All proxy settings were loaded in 0 ms.
[2025/07/22 22:14:17]: §3[nLogin] [DEBUG] [SQLite] [UPDATE]: "UPDATE `nlogin` SET `last_name` = 'Santohh', `unique_id` = d88fdf4c10693e17baeaa10e10d32b78,  `mojang_id` = null,  `bedrock_id` = null,  `password` = '$2a$10$kmq2hbTW0.9J6WJUl0GsjeZlgbOQgaIZoEQiBpzRgD3yrAz/bNZKq', `last_ip` = '127.12.157.114', `creation_date` = 2025-07-21 23:28:01.27, `last_seen` = 2025-07-22 22:14:17.511, `email` = null, `discord` = null, `settings` = '{"settings":[{"value":"es","key":"language"}],"version":0}' WHERE `ai` = 2" (applied to [last_seen, settings] columns)
[2025/07/22 22:14:26]: §3[nLogin] [DEBUG] [SQLite] [UPDATE]: "UPDATE `nlogin` SET `last_name` = 'Santohh', `unique_id` = d88fdf4c10693e17baeaa10e10d32b78,  `mojang_id` = null,  `bedrock_id` = null,  `password` = '$2a$10$kmq2hbTW0.9J6WJUl0GsjeZlgbOQgaIZoEQiBpzRgD3yrAz/bNZKq', `last_ip` = '127.12.157.114', `creation_date` = 2025-07-21 23:28:01.27, `last_seen` = 2025-07-22 22:14:26.571, `email` = null, `discord` = null, `settings` = '{"settings":[{"value":"es","key":"language"}],"version":0}' WHERE `ai` = 2" (applied to [last_ip, last_seen, settings] columns)
[2025/07/22 22:14:26]: [nLogin] The user Santohh has successfully logged in.
[2025/07/22 22:15:09]: §3[nLogin] [DEBUG] All settings were loaded in 4 ms.
[2025/07/22 22:15:09]: §3[nLogin] [DEBUG] Loading the messages_es.yml message file...
[2025/07/22 22:15:09]: §3[nLogin] [DEBUG] All plugin messages were loaded in 3 ms (languageByClient=false).
[2025/07/22 22:15:09]: §3[nLogin] [DEBUG] All proxy settings were loaded in 0 ms.
[2025/07/22 22:20:40]: [nLogin] Successful plugin core shutdown (took 0.00s)
